<?xml version="1.0" encoding="UTF-8"?>
<!-- Generated by org.testng.reporters.JUnitReportReporter -->
<testsuite hostname="satya-PC" name="com.hrms.testscripts.TC504" tests="1" failures="0" timestamp="17 Mar 2021 03:17:08 GMT" time="9.424" errors="0">
  <testcase name="login" time="9.424" classname="com.hrms.testscripts.TC504"/>
</testsuite> <!-- com.hrms.testscripts.TC504 -->
